<?xml version="1.0" encoding="UTF-8"?>
<!-- Generated by org.testng.reporters.JUnitXMLReporter -->
<testsuite ignored="6" hostname="DESKTOP-NMES7OQ" failures="0" tests="5" name="Regression" time="0.123" errors="0" timestamp="2023-01-23T22:21:00 IST">
  <testcase classname="TestNGTutorials.AnnonatationsUsage" name="demoSmoke" time="0.012"/>
  <testcase classname="TestNGTutorials.GroupAnnotation" name="MobileCarLoginLoan" time="0.002"/>
  <testcase classname="TestNGTutorials.GroupAnnotation" name="webGroup1" time="0.004"/>
  <testcase classname="TestNGTutorials.PriorityExampleCarLoan" name="MobileCarLoginLoan" time="0.003"/>
  <testcase classname="TestNGTutorials.PriorityExampleHomeLoan" name="MobileHomeLoanLogin" time="0.004"/>
  <testcase classname="TestNGTutorials.GroupAnnotation" name="loginAPICarLogin" time="0.0">
    <ignored/>
  </testcase> <!-- loginAPICarLogin -->
  <testcase classname="TestNGTutorials.PriorityExampleCarLoan" name="loginAPICarLogin" time="0.0">
    <ignored/>
  </testcase> <!-- loginAPICarLogin -->
  <testcase classname="TestNGTutorials.PriorityExampleHomeLoan" name="loginAPIHomeLoanLogin" time="0.0">
    <ignored/>
  </testcase> <!-- loginAPIHomeLoanLogin -->
  <testcase classname="TestNGTutorials.PriorityExampleCarLoan" name="webCarLogin" time="0.0">
    <ignored/>
  </testcase> <!-- webCarLogin -->
  <testcase classname="TestNGTutorials.AnnonatationsUsage" name="demo" time="0.0">
    <ignored/>
  </testcase> <!-- demo -->
  <testcase classname="TestNGTutorials.PriorityExampleHomeLoan" name="webHomeLoanLogin" time="0.0">
    <ignored/>
  </testcase> <!-- webHomeLoanLogin -->
</testsuite> <!-- Regression -->
