<?xml version="1.0" encoding="UTF-8"?>
<testng-results ignored="0" total="1" passed="1" failed="0" skipped="0">
  <reporter-output>
  </reporter-output>
  <suite started-at="2022-12-09T15:22:53 IST" name="Default suite" finished-at="2022-12-09T15:23:34 IST" duration-ms="41030">
    <groups>
    </groups>
    <test started-at="2022-12-09T15:22:53 IST" name="Default test" finished-at="2022-12-09T15:23:34 IST" duration-ms="41030">
      <class name="MobilebasicsTesting.InspectorBasicOperationWifiWithExtendsClass">
        <test-method is-config="true" signature="ConfigureAppiumsetup()[pri:0, instance:MobilebasicsTesting.InspectorBasicOperationWifiWithExtendsClass@4ec4f3a0]" started-at="2022-12-09T15:22:53 IST" name="ConfigureAppiumsetup" finished-at="2022-12-09T15:23:30 IST" duration-ms="37052" status="PASS">
          <reporter-output>
          </reporter-output>
        </test-method> <!-- ConfigureAppiumsetup -->
        <test-method signature="wifiSettingName()[pri:0, instance:MobilebasicsTesting.InspectorBasicOperationWifiWithExtendsClass@4ec4f3a0]" started-at="2022-12-09T15:23:30 IST" name="wifiSettingName" finished-at="2022-12-09T15:23:32 IST" duration-ms="1941" status="PASS">
          <reporter-output>
          </reporter-output>
        </test-method> <!-- wifiSettingName -->
        <test-method is-config="true" signature="tearDown()[pri:0, instance:MobilebasicsTesting.InspectorBasicOperationWifiWithExtendsClass@4ec4f3a0]" started-at="2022-12-09T15:23:32 IST" name="tearDown" finished-at="2022-12-09T15:23:34 IST" duration-ms="1905" status="PASS">
          <reporter-output>
          </reporter-output>
        </test-method> <!-- tearDown -->
      </class> <!-- MobilebasicsTesting.InspectorBasicOperationWifiWithExtendsClass -->
    </test> <!-- Default test -->
  </suite> <!-- Default suite -->
</testng-results>
