<?xml version="1.0" encoding="UTF-8"?>
<testng-results ignored="0" total="2" passed="2" failed="0" skipped="0">
  <reporter-output>
  </reporter-output>
  <suite started-at="2022-12-23T22:35:15 IST" name="LoanDepartment" finished-at="2022-12-23T22:35:15 IST" duration-ms="70">
    <groups>
      <group name="Smoke">
        <method signature="AnnonatationsUsage.demoSmoke()[pri:0, instance:TestNGTutorials.AnnonatationsUsage@7b9a4292]" name="demoSmoke" class="TestNGTutorials.AnnonatationsUsage"/>
      </group> <!-- Smoke -->
    </groups>
    <test started-at="2022-12-23T22:35:15 IST" name="Personal Loan" finished-at="2022-12-23T22:35:15 IST" duration-ms="70">
      <class name="TestNGTutorials.AnnonatationsUsage">
        <test-method signature="demo()[pri:0, instance:TestNGTutorials.AnnonatationsUsage@7b9a4292]" started-at="2022-12-23T22:35:15 IST" name="demo" finished-at="2022-12-23T22:35:15 IST" duration-ms="13" status="PASS">
          <reporter-output>
          </reporter-output>
        </test-method> <!-- demo -->
        <test-method signature="demoSmoke()[pri:0, instance:TestNGTutorials.AnnonatationsUsage@7b9a4292]" started-at="2022-12-23T22:35:15 IST" name="demoSmoke" finished-at="2022-12-23T22:35:15 IST" duration-ms="2" status="PASS">
          <reporter-output>
          </reporter-output>
        </test-method> <!-- demoSmoke -->
      </class> <!-- TestNGTutorials.AnnonatationsUsage -->
    </test> <!-- Personal Loan -->
  </suite> <!-- LoanDepartment -->
</testng-results>
