<?xml version="1.0" encoding="UTF-8"?>
<!-- Generated by org.testng.reporters.JUnitXMLReporter -->
<testsuite ignored="1" hostname="DESKTOP-NMES7OQ" failures="0" tests="2" name="Car Loan" time="0.029" errors="0" timestamp="2022-12-21T16:35:08 IST">
  <testcase classname="TestNGTutorials.PriorityExampleCarLoan" name="loginAPICarLogin" time="0.005"/>
  <testcase classname="TestNGTutorials.PriorityExampleCarLoan" name="webCarLogin" time="0.006"/>
  <testcase classname="TestNGTutorials.PriorityExampleCarLoan" name="MobileCarLoginLoan" time="0.0">
    <ignored/>
  </testcase> <!-- MobileCarLoginLoan -->
</testsuite> <!-- Car Loan -->
