<?xml version="1.0" encoding="UTF-8"?>
<!-- Generated by org.testng.reporters.JUnitXMLReporter -->
<testsuite ignored="0" hostname="DESKTOP-NMES7OQ" failures="0" tests="3" name="Home Loan" time="0.044" errors="0" timestamp="2022-12-21T16:35:09 IST">
  <testcase classname="TestNGTutorials.PriorityExampleHomeLoan" name="MobileHomeLoanLogin" time="0.005"/>
  <testcase classname="TestNGTutorials.PriorityExampleHomeLoan" name="loginAPIHomeLoanLogin" time="0.011"/>
  <testcase classname="TestNGTutorials.PriorityExampleHomeLoan" name="webHomeLoanLogin" time="0.002"/>
</testsuite> <!-- Home Loan -->
