<?xml version="1.0" encoding="UTF-8"?>
<!-- Generated by org.testng.reporters.JUnitXMLReporter -->
<testsuite ignored="0" hostname="DESKTOP-NMES7OQ" failures="0" tests="3" name="Personal Loan" time="0.081" errors="0" timestamp="2022-12-22T00:50:20 IST">
  <testcase classname="TestNGTutorials.PriorityExampleHomeLoan" name="MobileHomeLoanLogin" time="0.016"/>
  <testcase classname="TestNGTutorials.PriorityExampleHomeLoan" name="loginAPIHomeLoanLogin" time="0.002"/>
  <testcase classname="TestNGTutorials.PriorityExampleHomeLoan" name="webHomeLoanLogin" time="0.001"/>
</testsuite> <!-- Personal Loan -->
